{
  "RSpec": {
    "coverage": {
      "/vagrant/src/caissa-chess/spec/support/shared_examples_for_pieces.rb": [
        1,
        null,
        1,
        7,
        7,
        null,
        null,
        7,
        7,
        null,
        null
      ],
      "/vagrant/src/caissa-chess/spec/controllers/games_controller_spec.rb": [
        1,
        null,
        1,
        null,
        1,
        6,
        6,
        null,
        null,
        1,
        1,
        1,
        1,
        1,
        null,
        null,
        1,
        1,
        1,
        null,
        null,
        null,
        1,
        1,
        1,
        1,
        1,
        1,
        1,
        null,
        null,
        1,
        1,
        1,
        null,
        null,
        1,
        1,
        1,
        1,
        1,
        1,
        null,
        null,
        1,
        1,
        1,
        1,
        1,
        1,
        null,
        null,
        1,
        1,
        1,
        1,
        1,
        null,
        null,
        null,
        1,
        1,
        1,
        1,
        1,
        1,
        1,
        null,
        null,
        1,
        1,
        1,
        1,
        1,
        null,
        null,
        1,
        1,
        1,
        1,
        null,
        null,
        null,
        1,
        1,
        1,
        1,
        null,
        null,
        1,
        1,
        1,
        1,
        1,
        1,
        1,
        1,
        null,
        null,
        null,
        null,
        null
      ],
      "/vagrant/src/caissa-chess/spec/rails_helper.rb": [
        null,
        1,
        1,
        null,
        1,
        1,
        1,
        null,
        null,
        null,
        null,
        null,
        null,
        null,
        null,
        null,
        null,
        null,
        null,
        null,
        null,
        null,
        null,
        null,
        null,
        null,
        1,
        null,
        1,
        1,
        1,
        null,
        1,
        null,
        null,
        null,
        null,
        1,
        null,
        null,
        null,
        null,
        null,
        null,
        null,
        null,
        null,
        null,
        null,
        null,
        null,
        null,
        1,
        null,
        null,
        1,
        null,
        null,
        null
      ],
      "/vagrant/src/caissa-chess/config/environment.rb": [
        null,
        1,
        null,
        null,
        1
      ],
      "/vagrant/src/caissa-chess/config/application.rb": [
        1,
        null,
        1,
        null,
        null,
        null,
        1,
        null,
        1,
        1,
        null,
        null,
        null,
        null,
        null,
        null,
        null,
        null,
        null,
        null,
        null,
        null,
        null,
        1,
        1,
        null,
        null
      ],
      "/vagrant/src/caissa-chess/config/boot.rb": [
        1,
        null,
        1
      ],
      "/vagrant/src/caissa-chess/config/environments/test.rb": [
        1,
        null,
        null,
        null,
        null,
        null,
        null,
        1,
        null,
        null,
        null,
        null,
        1,
        null,
        null,
        1,
        1,
        null,
        null,
        1,
        1,
        null,
        null,
        1,
        null,
        null,
        1,
        null,
        null,
        null,
        null,
        1,
        null,
        null,
        1,
        null,
        null,
        1,
        null,
        null,
        null,
        null
      ],
      "/vagrant/src/caissa-chess/config/initializers/assets.rb": [
        null,
        null,
        null,
        1,
        null,
        null,
        null,
        null,
        null,
        null,
        null
      ],
      "/vagrant/src/caissa-chess/config/initializers/backtrace_silencers.rb": [
        null,
        null,
        null,
        null,
        null,
        null,
        null
      ],
      "/vagrant/src/caissa-chess/config/initializers/cookies_serializer.rb": [
        null,
        null,
        1
      ],
      "/vagrant/src/caissa-chess/config/initializers/devise.rb": [
        null,
        null,
        1,
        null,
        null,
        null,
        null,
        null,
        null,
        null,
        null,
        null,
        null,
        null,
        1,
        null,
        null,
        null,
        null,
        null,
        null,
        null,
        null,
        null,
        null,
        null,
        1,
        null,
        null,
        null,
        null,
        null,
        null,
        null,
        null,
        null,
        null,
        null,
        null,
        null,
        null,
        null,
        null,
        null,
        null,
        null,
        null,
        null,
        1,
        null,
        null,
        null,
        null,
        1,
        null,
        null,
        null,
        null,
        null,
        null,
        null,
        null,
        null,
        null,
        null,
        null,
        null,
        null,
        null,
        null,
        null,
        null,
        null,
        null,
        null,
        null,
        null,
        null,
        null,
        null,
        null,
        null,
        null,
        null,
        1,
        null,
        null,
        null,
        null,
        null,
        null,
        null,
        null,
        null,
        null,
        null,
        null,
        null,
        null,
        null,
        null,
        null,
        null,
        null,
        null,
        null,
        null,
        1,
        null,
        null,
        null,
        null,
        null,
        null,
        null,
        null,
        null,
        null,
        null,
        null,
        null,
        null,
        null,
        null,
        null,
        null,
        null,
        null,
        null,
        null,
        null,
        null,
        null,
        null,
        null,
        1,
        null,
        null,
        null,
        null,
        null,
        null,
        null,
        null,
        null,
        1,
        null,
        null,
        null,
        null,
        null,
        null,
        null,
        null,
        null,
        null,
        1,
        null,
        null,
        null,
        null,
        1,
        null,
        null,
        null,
        null,
        null,
        null,
        null,
        null,
        null,
        null,
        null,
        null,
        null,
        null,
        null,
        null,
        null,
        null,
        null,
        null,
        null,
        null,
        null,
        null,
        null,
        null,
        null,
        null,
        null,
        null,
        null,
        null,
        null,
        null,
        null,
        null,
        null,
        null,
        null,
        null,
        1,
        null,
        null,
        null,
        null,
        null,
        null,
        null,
        null,
        null,
        null,
        null,
        null,
        null,
        null,
        null,
        null,
        null,
        null,
        null,
        null,
        null,
        null,
        null,
        null,
        null,
        null,
        null,
        null,
        null,
        null,
        null,
        null,
        null,
        null,
        null,
        null,
        null,
        null,
        null,
        null,
        null,
        1,
        null,
        null,
        null,
        null,
        null,
        null,
        null,
        null,
        null,
        null,
        null,
        null,
        null,
        null,
        null,
        null,
        null,
        null,
        null,
        null,
        null,
        null,
        null,
        null,
        null,
        null,
        null,
        null,
        null
      ],
      "/vagrant/src/caissa-chess/config/initializers/filter_parameter_logging.rb": [
        null,
        null,
        null,
        1
      ],
      "/vagrant/src/caissa-chess/config/initializers/inflections.rb": [
        null,
        null,
        null,
        null,
        null,
        null,
        null,
        null,
        null,
        null,
        null,
        null,
        null,
        null,
        null,
        null
      ],
      "/vagrant/src/caissa-chess/config/initializers/mime_types.rb": [
        null,
        null,
        null,
        null
      ],
      "/vagrant/src/caissa-chess/config/initializers/session_store.rb": [
        null,
        null,
        1
      ],
      "/vagrant/src/caissa-chess/config/initializers/simple_form.rb": [
        null,
        1,
        null,
        null,
        null,
        null,
        null,
        1,
        null,
        null,
        null,
        null,
        null,
        null,
        null,
        null,
        null,
        null,
        1,
        null,
        null,
        null,
        1,
        null,
        null,
        null,
        null,
        null,
        null,
        null,
        null,
        1,
        null,
        null,
        1,
        null,
        null,
        1,
        null,
        null,
        1,
        null,
        null,
        1,
        1,
        1,
        null,
        null,
        null,
        null,
        null,
        null,
        null,
        null,
        null,
        1,
        null,
        null,
        null,
        null,
        null,
        1,
        null,
        null,
        1,
        null,
        null,
        null,
        null,
        null,
        null,
        null,
        1,
        null,
        null,
        1,
        null,
        null,
        null,
        null,
        null,
        null,
        null,
        null,
        null,
        null,
        null,
        null,
        null,
        null,
        null,
        null,
        null,
        null,
        null,
        null,
        null,
        null,
        null,
        null,
        null,
        null,
        null,
        null,
        null,
        null,
        null,
        null,
        null,
        null,
        null,
        null,
        null,
        null,
        null,
        null,
        null,
        null,
        null,
        null,
        1,
        null,
        null,
        null,
        null,
        null,
        null,
        null,
        null,
        null,
        null,
        null,
        null,
        null,
        null,
        null,
        null,
        null,
        null,
        null,
        null,
        null,
        null,
        null,
        null,
        null,
        null,
        null,
        null,
        null,
        null,
        null,
        null,
        null,
        null,
        null,
        null,
        1,
        null,
        null,
        null,
        null,
        null,
        null,
        null,
        null
      ],
      "/vagrant/src/caissa-chess/config/initializers/simple_form_foundation.rb": [
        null,
        1,
        null,
        null,
        null,
        null,
        null,
        null,
        null,
        1,
        1,
        1,
        1,
        1,
        1,
        1,
        1,
        1,
        null,
        null,
        null,
        null,
        1,
        1,
        1,
        1,
        1,
        1,
        1,
        null,
        1,
        1,
        null,
        null,
        1,
        1,
        1,
        null,
        null,
        null,
        null,
        1,
        1,
        1,
        null,
        1,
        1,
        1,
        1,
        null,
        null,
        1,
        null,
        null,
        null,
        null,
        null,
        null,
        null,
        null,
        null,
        null,
        null,
        1,
        1,
        1,
        1,
        1,
        1,
        1,
        null,
        1,
        1,
        null,
        1,
        null,
        null,
        null,
        null,
        null,
        null,
        1,
        1,
        1,
        null,
        1,
        1,
        null,
        null,
        1,
        null,
        null,
        null,
        null,
        1,
        null,
        null,
        null,
        null,
        1,
        null,
        null,
        1,
        null,
        null,
        1,
        null
      ],
      "/vagrant/src/caissa-chess/config/initializers/wrap_parameters.rb": [
        null,
        null,
        null,
        null,
        null,
        null,
        1,
        1,
        null,
        null,
        null,
        null,
        null,
        null
      ],
      "/vagrant/src/caissa-chess/spec/factories/bishop.rb": [
        1,
        1,
        null,
        null
      ],
      "/vagrant/src/caissa-chess/spec/factories/game.rb": [
        1,
        1,
        1,
        null,
        null
      ],
      "/vagrant/src/caissa-chess/spec/factories/king.rb": [
        1,
        1,
        null,
        null
      ],
      "/vagrant/src/caissa-chess/spec/factories/knight.rb": [
        1,
        1,
        null,
        null
      ],
      "/vagrant/src/caissa-chess/spec/factories/pawn.rb": [
        1,
        1,
        1,
        1,
        1,
        1,
        null,
        null
      ],
      "/vagrant/src/caissa-chess/spec/factories/piece.rb": [
        1,
        1,
        null,
        null
      ],
      "/vagrant/src/caissa-chess/spec/factories/player.rb": [
        1,
        1,
        1,
        1,
        null,
        null
      ],
      "/vagrant/src/caissa-chess/spec/factories/queen.rb": [
        1,
        1,
        null,
        null
      ],
      "/vagrant/src/caissa-chess/spec/factories/rook.rb": [
        1,
        1,
        null,
        null
      ],
      "/vagrant/src/caissa-chess/spec/factories/user.rb": [
        1,
        1,
        1,
        8,
        null,
        1,
        1,
        null,
        null
      ],
      "/vagrant/src/caissa-chess/config/routes.rb": [
        1,
        1,
        1,
        1,
        null,
        null,
        null,
        null,
        null,
        null,
        null,
        null,
        null,
        null,
        null,
        null,
        null,
        null,
        null,
        null,
        null,
        null,
        null,
        null,
        null,
        null,
        null,
        null,
        null,
        null,
        null,
        null,
        null,
        null,
        null,
        null,
        null,
        null,
        null,
        null,
        null,
        null,
        null,
        null,
        null,
        null,
        null,
        null,
        null,
        null,
        null,
        null,
        null,
        null,
        null,
        null,
        null,
        null,
        null,
        null
      ],
      "/vagrant/src/caissa-chess/app/models/user.rb": [
        1,
        null,
        null,
        1,
        1,
        null,
        null
      ],
      "/vagrant/src/caissa-chess/app/helpers/application_helper.rb": [
        1,
        null
      ],
      "/vagrant/src/caissa-chess/app/helpers/game_helper.rb": [
        1,
        null
      ],
      "/vagrant/src/caissa-chess/app/helpers/games_helper.rb": [
        1,
        null
      ],
      "/vagrant/src/caissa-chess/app/helpers/pages_helper.rb": [
        1,
        null
      ],
      "/vagrant/src/caissa-chess/app/controllers/games_controller.rb": [
        1,
        1,
        null,
        1,
        2,
        null,
        null,
        1,
        1,
        null,
        null,
        1,
        4,
        4,
        4,
        null,
        null,
        1,
        2,
        2,
        null,
        null,
        null,
        null,
        null,
        null,
        1,
        null,
        1,
        4,
        null,
        null
      ],
      "/vagrant/src/caissa-chess/app/controllers/application_controller.rb": [
        1,
        null,
        null,
        1,
        null
      ],
      "/vagrant/src/caissa-chess/spec/factories_spec.rb": [
        1,
        null,
        1,
        10,
        10,
        10,
        null,
        null,
        null
      ],
      "/vagrant/src/caissa-chess/spec/helpers/games_helper_spec.rb": [
        1,
        null,
        null,
        null,
        null,
        null,
        null,
        null,
        null,
        null,
        null,
        null,
        1,
        null
      ],
      "/vagrant/src/caissa-chess/spec/models/bishop_spec.rb": [
        1,
        null,
        1,
        1,
        13,
        13,
        null,
        1,
        1,
        1,
        1,
        null,
        null,
        1,
        1,
        null,
        null,
        1,
        1,
        null,
        null,
        1,
        1,
        null,
        null,
        1,
        1,
        null,
        null,
        1,
        1,
        null,
        null,
        1,
        1,
        null,
        null,
        1,
        1,
        null,
        null,
        null,
        null,
        1,
        1,
        1,
        4,
        4,
        4,
        4,
        null,
        null,
        1,
        1,
        null,
        null,
        1,
        1,
        null,
        null,
        1,
        1,
        null,
        null,
        1,
        1,
        null,
        null,
        null,
        null
      ],
      "/vagrant/src/caissa-chess/app/models/pieces/bishop.rb": [
        1,
        1,
        null,
        12,
        6,
        6,
        null,
        6,
        null,
        null
      ],
      "/vagrant/src/caissa-chess/app/models/pieces/piece.rb": [
        null,
        1,
        1,
        1,
        null,
        1,
        55,
        55,
        55,
        55,
        10,
        8,
        8,
        8,
        8,
        null,
        17,
        13,
        13,
        13,
        13,
        null,
        21,
        11,
        11,
        11,
        11,
        11,
        11,
        26,
        26,
        null,
        11,
        null,
        28,
        null,
        null,
        null,
        null,
        1,
        73,
        null,
        null,
        1,
        45,
        null,
        null,
        1,
        28,
        null,
        null,
        null,
        null,
        null,
        1,
        61,
        56,
        55,
        46,
        null,
        null,
        null,
        1,
        200,
        null,
        null
      ],
      "/vagrant/src/caissa-chess/spec/models/king_spec.rb": [
        1,
        null,
        1,
        1,
        null,
        6,
        6,
        null,
        1,
        1,
        1,
        null,
        null,
        1,
        1,
        null,
        null,
        1,
        1,
        null,
        null,
        1,
        1,
        null,
        null,
        1,
        1,
        null,
        null,
        null
      ],
      "/vagrant/src/caissa-chess/app/models/pieces/king.rb": [
        1,
        1,
        null,
        5,
        3,
        3,
        null,
        3,
        3,
        null,
        null
      ],
      "/vagrant/src/caissa-chess/spec/models/knight_spec.rb": [
        1,
        null,
        1,
        1,
        null,
        11,
        11,
        null,
        1,
        1,
        1,
        1,
        null,
        null,
        1,
        1,
        null,
        null,
        1,
        1,
        null,
        null,
        1,
        1,
        null,
        null,
        1,
        1,
        null,
        null,
        1,
        1,
        null,
        null,
        1,
        1,
        null,
        null,
        1,
        1,
        null,
        null,
        null,
        null,
        1,
        1,
        1,
        2,
        2,
        2,
        2,
        null,
        null,
        1,
        1,
        null,
        null,
        1,
        1,
        null,
        null,
        null,
        null
      ],
      "/vagrant/src/caissa-chess/app/models/pieces/knight.rb": [
        1,
        1,
        null,
        10,
        9,
        9,
        null,
        9,
        null,
        null
      ],
      "/vagrant/src/caissa-chess/spec/models/pawn_spec.rb": [
        1,
        null,
        1,
        1,
        null,
        12,
        11,
        12,
        11,
        12,
        null,
        null,
        1,
        1,
        1,
        null,
        null,
        1,
        1,
        1,
        null,
        null,
        1,
        1,
        null,
        null,
        1,
        1,
        1,
        null,
        null,
        1,
        1,
        1,
        null,
        null,
        1,
        1,
        1,
        null,
        null,
        1,
        1,
        1,
        1,
        1,
        null,
        null,
        1,
        1,
        1,
        null,
        null,
        null,
        1,
        1,
        1,
        1,
        1,
        null,
        null,
        1,
        1,
        1,
        1,
        1,
        null,
        null,
        1,
        1,
        1,
        1,
        1,
        null,
        null
      ],
      "/vagrant/src/caissa-chess/app/models/pieces/pawn.rb": [
        1,
        1,
        null,
        21,
        null,
        18,
        15,
        null,
        15,
        12,
        null,
        12,
        10,
        null,
        4,
        null,
        null,
        6,
        null,
        null,
        null,
        null
      ],
      "/vagrant/src/caissa-chess/spec/models/piece_spec.rb": [
        1,
        null,
        1,
        1,
        null,
        14,
        11,
        2,
        2,
        2,
        null,
        1,
        1,
        9,
        9,
        9,
        null,
        null,
        1,
        1,
        null,
        null,
        1,
        1,
        null,
        null,
        1,
        1,
        null,
        null,
        1,
        1,
        null,
        null,
        1,
        1,
        null,
        null,
        1,
        1,
        null,
        null,
        null,
        1,
        1,
        null,
        null,
        1,
        1,
        null,
        null,
        1,
        1,
        null,
        null,
        null,
        1,
        1,
        1,
        null,
        null,
        1,
        1,
        null,
        null,
        1,
        1,
        null,
        null,
        null,
        1,
        1,
        1,
        null,
        null,
        null
      ],
      "/vagrant/src/caissa-chess/spec/models/queen_spec.rb": [
        1,
        null,
        1,
        1,
        null
      ],
      "/vagrant/src/caissa-chess/app/models/pieces/queen.rb": [
        1,
        null
      ],
      "/vagrant/src/caissa-chess/spec/models/rook_spec.rb": [
        1,
        null,
        1,
        1,
        11,
        11,
        null,
        1,
        1,
        1,
        1,
        null,
        null,
        1,
        1,
        null,
        null,
        1,
        1,
        null,
        null,
        1,
        1,
        null,
        null,
        1,
        1,
        null,
        null,
        1,
        1,
        null,
        null,
        null,
        1,
        1,
        1,
        4,
        4,
        4,
        4,
        null,
        null,
        1,
        1,
        null,
        null,
        1,
        1,
        null,
        null,
        1,
        1,
        null,
        null,
        1,
        1,
        null,
        null,
        null,
        null
      ],
      "/vagrant/src/caissa-chess/app/models/pieces/rook.rb": [
        1,
        1,
        null,
        10,
        3,
        3,
        null,
        3,
        null,
        null
      ],
      "/vagrant/src/caissa-chess/app/models/game.rb": [
        1,
        1,
        1,
        null
      ],
      "/vagrant/src/caissa-chess/app/models/player.rb": [
        1,
        1,
        1,
        null
      ]
    },
    "timestamp": 1476123017
  }
}
